<?xml version="1.0" encoding="UTF-8"?>
<!-- Generated by org.testng.reporters.JUnitReportReporter -->
<testsuite hostname="Karuna-Temp85" failures="0" tests="3" name="testNGDemo.DataProviderToExcel" time="126.265" errors="0" timestamp="2023-07-05T22:08:54 IST" skipped="0">
  <testcase classname="testNGDemo.DataProviderToExcel" name="LoginTest" time="55.999"/>
  <system-out/>
  <testcase classname="testNGDemo.DataProviderToExcel" name="LoginTest" time="19.666"/>
  <system-out/>
  <testcase classname="testNGDemo.DataProviderToExcel" name="LoginTest" time="50.600"/>
  <system-out/>
</testsuite> <!-- testNGDemo.DataProviderToExcel -->
