<?xml version="1.0" encoding="UTF-8"?>
<!-- Generated by org.testng.reporters.JUnitReportReporter -->
<testsuite hostname="Karuna-Temp85" failures="0" tests="3" name="testNGDemo.TestNGGoogleTest" time="83.560" errors="0" timestamp="2023-07-05T22:08:54 IST" skipped="0">
  <testcase classname="testNGDemo.TestNGGoogleTest" name="logoTest" time="9.679"/>
  <system-out/>
  <testcase classname="testNGDemo.TestNGGoogleTest" name="searchBox" time="63.674"/>
  <system-out/>
  <testcase classname="testNGDemo.TestNGGoogleTest" name="googleTitleTest" time="10.207"/>
  <system-out/>
</testsuite> <!-- testNGDemo.TestNGGoogleTest -->
